<?xml version="1.0" encoding="UTF-8"?>
<!-- Generated by org.testng.reporters.JUnitReportReporter -->
<testsuite name="start.runner" tests="1" time="39.230" ignored="0" failures="0" timestamp="16 Sep 2018 18:57:37 GMT" skipped="0" hostname="DESKTOP-QVN8MR5" errors="0">
  <testcase name="feature" time="39.230" classname="start.runner"/>
</testsuite> <!-- start.runner -->
